0 verbose cli C:\Program Files\nodejs\node.exe C:\Users\abdul\AppData\Roaming\npm\node_modules\npm\bin\npm-cli.js
1 info using npm@10.2.4
2 info using node@v18.18.2
3 timing npm:load:whichnode Completed in 9ms
4 timing config:load:defaults Completed in 16ms
5 timing config:load:file:C:\Users\abdul\AppData\Roaming\npm\node_modules\npm\npmrc Completed in 19ms
6 timing config:load:builtin Completed in 20ms
7 timing config:load:cli Completed in 14ms
8 timing config:load:env Completed in 4ms
9 timing config:load:file:D:\backend\PROJECTS\Feed-Craft FrontEnd\feed-craft-app\.npmrc Completed in 10ms
10 timing config:load:project Completed in 26ms
11 timing config:load:file:C:\Users\abdul\.npmrc Completed in 11ms
12 timing config:load:user Completed in 11ms
13 timing config:load:file:C:\Users\abdul\AppData\Roaming\npm\etc\npmrc Completed in 1ms
14 timing config:load:global Completed in 1ms
15 timing config:load:setEnvs Completed in 6ms
16 timing config:load Completed in 101ms
17 timing npm:load:configload Completed in 101ms
18 timing config:load:flatten Completed in 8ms
19 timing npm:load:mkdirpcache Completed in 1ms
20 timing npm:load:mkdirplogs Completed in 0ms
21 verbose title npm install @testing-library/jest-dom@^5.14.1 @testing-library/react@^13.0.0 @testing-library/user-event@^13.2.1 web-vitals@^2.1.0
22 verbose argv "install" "--no-audit" "--save" "@testing-library/jest-dom@^5.14.1" "@testing-library/react@^13.0.0" "@testing-library/user-event@^13.2.1" "web-vitals@^2.1.0"
23 timing npm:load:setTitle Completed in 4ms
24 timing npm:load:display Completed in 2ms
25 verbose logfile logs-max:10 dir:D:\backend\PROJECTS\Feed-Craft FrontEnd\feed-craft-app\.npm\_logs\2023-12-17T18_21_58_217Z-
26 verbose logfile D:\backend\PROJECTS\Feed-Craft FrontEnd\feed-craft-app\.npm\_logs\2023-12-17T18_21_58_217Z-debug-0.log
27 timing npm:load:logFile Completed in 21ms
28 timing npm:load:timers Completed in 1ms
29 timing npm:load:configScope Completed in 0ms
30 timing npm:load Completed in 237ms
31 timing arborist:ctor Completed in 2ms
32 silly logfile done cleaning log files
33 timing idealTree:init Completed in 3743ms
34 timing idealTree:userRequests Completed in 4ms
35 silly idealTree buildDeps
36 silly fetch manifest @testing-library/jest-dom@^5.14.1
37 timing arborist:ctor Completed in 1ms
38 http fetch GET 200 https://registry.npmjs.org/@testing-library%2fjest-dom 4606ms (cache miss)
39 silly fetch manifest @testing-library/react@^13.0.0
40 http fetch GET 200 https://registry.npmjs.org/@testing-library%2freact 421ms (cache miss)
41 silly fetch manifest react@^18.2.0
42 http fetch GET 200 https://registry.npmjs.org/react 404ms (cache revalidated)
43 silly fetch manifest react-dom@^18.2.0
44 http fetch GET 200 https://registry.npmjs.org/react-dom 315ms (cache revalidated)
45 silly fetch manifest @testing-library/user-event@^13.2.1
46 http fetch GET 200 https://registry.npmjs.org/@testing-library%2fuser-event 2348ms (cache miss)
47 silly fetch manifest @testing-library/dom@>=7.21.4
48 http fetch GET 200 https://registry.npmjs.org/@testing-library%2fdom 557ms (cache miss)
49 silly fetch manifest web-vitals@^2.1.0
50 http fetch GET 200 https://registry.npmjs.org/web-vitals 1057ms (cache miss)
51 silly placeDep ROOT @testing-library/jest-dom@5.17.0 OK for: feed-craft-app@0.1.0 want: ^5.14.1
52 silly fetch manifest @types/testing-library__jest-dom@^5.9.1
53 silly fetch manifest chalk@^3.0.0
54 silly fetch manifest @adobe/css-tools@^4.0.1
55 silly fetch manifest css.escape@^1.5.1
56 silly fetch manifest dom-accessibility-api@^0.5.6
57 silly fetch manifest redent@^3.0.0
58 silly placeDep ROOT @testing-library/react@13.4.0 OK for: feed-craft-app@0.1.0 want: ^13.0.0
59 silly fetch manifest @testing-library/dom@^8.5.0
60 silly fetch manifest @types/react-dom@^18.0.0
61 silly placeDep ROOT @testing-library/user-event@13.5.0 OK for: feed-craft-app@0.1.0 want: ^13.2.1
62 silly placeDep ROOT @testing-library/dom@9.3.3 OK for: @testing-library/user-event@13.5.0 want: >=7.21.4
63 silly fetch manifest @types/aria-query@^5.0.1
64 silly fetch manifest aria-query@5.1.3
65 silly fetch manifest chalk@^4.1.0
66 silly fetch manifest dom-accessibility-api@^0.5.9
67 silly fetch manifest lz-string@^1.5.0
68 silly placeDep ROOT web-vitals@2.1.4 OK for: feed-craft-app@0.1.0 want: ^2.1.0
69 http fetch GET 200 https://registry.npmjs.org/chalk 790ms (cache revalidated)
70 http fetch GET 200 https://registry.npmjs.org/@types%2freact-dom 759ms (cache miss)
71 http fetch GET 200 https://registry.npmjs.org/css.escape 890ms (cache miss)
72 http fetch GET 200 https://registry.npmjs.org/aria-query 888ms (cache revalidated)
73 http fetch GET 200 https://registry.npmjs.org/dom-accessibility-api 893ms (cache miss)
74 http fetch GET 200 https://registry.npmjs.org/dom-accessibility-api 1056ms (cache miss)
75 http fetch GET 200 https://registry.npmjs.org/chalk 1062ms (cache revalidated)
76 http fetch GET 200 https://registry.npmjs.org/@types%2faria-query 1077ms (cache miss)
77 http fetch GET 200 https://registry.npmjs.org/lz-string 1198ms (cache miss)
78 http fetch GET 200 https://registry.npmjs.org/redent 1816ms (cache miss)
79 http fetch GET 200 https://registry.npmjs.org/@types%2ftesting-library__jest-dom 1834ms (cache miss)
80 http fetch GET 200 https://registry.npmjs.org/@adobe%2fcss-tools 3025ms (cache miss)
81 timing idealTree:#root Completed in 13087ms
82 silly placeDep ROOT @types/aria-query@5.0.4 OK for: @testing-library/dom@9.3.3 want: ^5.0.1
83 silly placeDep node_modules/@testing-library/dom aria-query@5.1.3 OK for: @testing-library/dom@9.3.3 want: 5.1.3
84 silly fetch manifest deep-equal@^2.0.5
85 silly placeDep node_modules/@testing-library/dom chalk@4.1.2 OK for: @testing-library/dom@9.3.3 want: ^4.1.0
86 silly fetch manifest ansi-styles@^4.1.0
87 silly fetch manifest supports-color@^7.1.0
88 silly placeDep ROOT dom-accessibility-api@0.5.16 OK for: @testing-library/dom@9.3.3 want: ^0.5.9
89 silly placeDep ROOT lz-string@1.5.0 OK for: @testing-library/dom@9.3.3 want: ^1.5.0
90 http fetch GET 200 https://registry.npmjs.org/ansi-styles 220ms (cache revalidated)
91 http fetch GET 200 https://registry.npmjs.org/supports-color 248ms (cache revalidated)
92 http fetch GET 200 https://registry.npmjs.org/deep-equal 446ms (cache miss)
93 timing idealTree:node_modules/@testing-library/dom Completed in 547ms
94 silly placeDep ROOT @adobe/css-tools@4.3.2 OK for: @testing-library/jest-dom@5.17.0 want: ^4.0.1
95 silly placeDep ROOT @types/testing-library__jest-dom@5.14.9 OK for: @testing-library/jest-dom@5.17.0 want: ^5.9.1
96 silly fetch manifest @types/jest@*
97 silly placeDep node_modules/@testing-library/jest-dom chalk@3.0.0 OK for: @testing-library/jest-dom@5.17.0 want: ^3.0.0
98 silly placeDep ROOT css.escape@1.5.1 OK for: @testing-library/jest-dom@5.17.0 want: ^1.5.1
99 silly placeDep ROOT redent@3.0.0 OK for: @testing-library/jest-dom@5.17.0 want: ^3.0.0
100 silly fetch manifest indent-string@^4.0.0
101 silly fetch manifest strip-indent@^3.0.0
102 http fetch GET 200 https://registry.npmjs.org/strip-indent 239ms (cache miss)
103 http fetch GET 200 https://registry.npmjs.org/@types%2fjest 271ms (cache miss)
104 http fetch GET 200 https://registry.npmjs.org/indent-string 1217ms (cache miss)
105 timing idealTree:node_modules/@testing-library/jest-dom Completed in 1274ms
106 timing idealTree:node_modules/@adobe/css-tools Completed in 0ms
107 silly placeDep node_modules/@testing-library/react @testing-library/dom@8.20.1 OK for: @testing-library/react@13.4.0 want: ^8.5.0
108 silly placeDep ROOT @types/react-dom@18.2.18 OK for: @testing-library/react@13.4.0 want: ^18.0.0
109 silly fetch manifest @types/react@*
110 http fetch GET 200 https://registry.npmjs.org/@types%2freact 421ms (cache miss)
111 timing idealTree:node_modules/@testing-library/react Completed in 476ms
112 timing idealTree:node_modules/@testing-library/user-event Completed in 0ms
113 timing idealTree:node_modules/@types/aria-query Completed in 0ms
114 silly placeDep ROOT @types/react@18.2.45 OK for: @types/react-dom@18.2.18 want: *
115 silly fetch manifest @types/prop-types@*
116 silly fetch manifest @types/scheduler@*
117 silly fetch manifest csstype@^3.0.2
118 http fetch GET 200 https://registry.npmjs.org/@types%2fscheduler 337ms (cache miss)
119 http fetch GET 200 https://registry.npmjs.org/@types%2fprop-types 352ms (cache miss)
120 http fetch GET 200 https://registry.npmjs.org/csstype 363ms (cache miss)
121 timing idealTree:node_modules/@types/react-dom Completed in 391ms
122 silly placeDep ROOT @types/prop-types@15.7.11 OK for: @types/react@18.2.45 want: *
123 silly placeDep ROOT @types/scheduler@0.16.8 OK for: @types/react@18.2.45 want: *
124 silly placeDep ROOT csstype@3.1.3 OK for: @types/react@18.2.45 want: ^3.0.2
125 timing idealTree:node_modules/@types/react Completed in 30ms
126 timing idealTree:node_modules/@types/prop-types Completed in 0ms
127 timing idealTree:node_modules/@types/scheduler Completed in 0ms
128 silly placeDep ROOT @types/jest@29.5.11 OK for: @types/testing-library__jest-dom@5.14.9 want: *
129 silly fetch manifest expect@^29.0.0
130 silly fetch manifest pretty-format@^29.0.0
131 http fetch GET 200 https://registry.npmjs.org/expect 227ms (cache revalidated)
132 http fetch GET 200 https://registry.npmjs.org/pretty-format 288ms (cache revalidated)
133 timing idealTree:node_modules/@types/testing-library__jest-dom Completed in 321ms
134 silly placeDep node_modules/@types/jest expect@29.7.0 OK for: @types/jest@29.5.11 want: ^29.0.0
135 silly fetch manifest @jest/expect-utils@^29.7.0
136 silly fetch manifest jest-get-type@^29.6.3
137 silly fetch manifest jest-matcher-utils@^29.7.0
138 silly fetch manifest jest-message-util@^29.7.0
139 silly fetch manifest jest-util@^29.7.0
140 silly placeDep node_modules/@types/jest pretty-format@29.7.0 OK for: @types/jest@29.5.11 want: ^29.0.0
141 silly fetch manifest @jest/schemas@^29.6.3
142 silly fetch manifest ansi-styles@^5.0.0
143 silly fetch manifest react-is@^18.0.0
144 http fetch GET 200 https://registry.npmjs.org/@jest%2fschemas 101ms (cache hit)
145 http fetch GET 200 https://registry.npmjs.org/jest-matcher-utils 247ms (cache revalidated)
146 http fetch GET 200 https://registry.npmjs.org/jest-message-util 278ms (cache revalidated)
147 http fetch GET 200 https://registry.npmjs.org/jest-util 325ms (cache revalidated)
148 http fetch GET 200 https://registry.npmjs.org/react-is 327ms (cache revalidated)
149 http fetch GET 200 https://registry.npmjs.org/@jest%2fexpect-utils 440ms (cache miss)
150 http fetch GET 200 https://registry.npmjs.org/jest-get-type 446ms (cache revalidated)
151 timing idealTree:node_modules/@types/jest Completed in 481ms
152 timing idealTree:node_modules/css.escape Completed in 1ms
153 timing idealTree:node_modules/csstype Completed in 0ms
154 timing idealTree:node_modules/dom-accessibility-api Completed in 0ms
155 timing idealTree:node_modules/lz-string Completed in 0ms
156 silly fetch manifest typescript@^3.2.1 || ^4
157 http fetch GET 200 https://registry.npmjs.org/typescript 256ms (cache revalidated)
158 silly placeDep ROOT typescript@4.9.5 REPLACE for: react-scripts@5.0.1 want: ^3.2.1 || ^4
159 timing idealTree:node_modules/react-scripts Completed in 770ms
160 silly placeDep ROOT indent-string@4.0.0 OK for: redent@3.0.0 want: ^4.0.0
161 silly placeDep ROOT strip-indent@3.0.0 OK for: redent@3.0.0 want: ^3.0.0
162 silly fetch manifest min-indent@^1.0.0
163 http fetch GET 200 https://registry.npmjs.org/min-indent 917ms (cache miss)
164 timing idealTree:node_modules/redent Completed in 936ms
165 timing idealTree:node_modules/indent-string Completed in 0ms
166 silly placeDep ROOT min-indent@1.0.1 OK for: strip-indent@3.0.0 want: ^1.0.0
167 timing idealTree:node_modules/strip-indent Completed in 11ms
168 timing idealTree:node_modules/min-indent Completed in 0ms
169 timing idealTree:node_modules/typescript Completed in 0ms
170 timing idealTree:node_modules/web-vitals Completed in 0ms
171 silly placeDep ROOT deep-equal@2.2.3 OK for: aria-query@5.1.3 want: ^2.0.5
172 silly fetch manifest es-get-iterator@^1.1.3
173 silly fetch manifest is-arguments@^1.1.1
174 silly fetch manifest object-is@^1.1.5
175 http fetch GET 200 https://registry.npmjs.org/is-arguments 249ms (cache miss)
176 http fetch GET 200 https://registry.npmjs.org/object-is 423ms (cache miss)
177 http fetch GET 200 https://registry.npmjs.org/es-get-iterator 1580ms (cache miss)
178 timing idealTree:node_modules/@testing-library/dom/node_modules/aria-query Completed in 1614ms
179 silly placeDep ROOT es-get-iterator@1.1.3 OK for: deep-equal@2.2.3 want: ^1.1.3
180 silly fetch manifest stop-iteration-iterator@^1.0.0
181 silly placeDep ROOT is-arguments@1.1.1 OK for: deep-equal@2.2.3 want: ^1.1.1
182 silly placeDep ROOT object-is@1.1.5 OK for: deep-equal@2.2.3 want: ^1.1.5
183 http fetch GET 200 https://registry.npmjs.org/stop-iteration-iterator 263ms (cache miss)
184 timing idealTree:node_modules/deep-equal Completed in 290ms
185 silly placeDep ROOT stop-iteration-iterator@1.0.0 OK for: es-get-iterator@1.1.3 want: ^1.0.0
186 timing idealTree:node_modules/es-get-iterator Completed in 11ms
187 timing idealTree:node_modules/is-arguments Completed in 0ms
188 timing idealTree:node_modules/object-is Completed in 0ms
189 timing idealTree:node_modules/stop-iteration-iterator Completed in 0ms
190 silly placeDep node_modules/@testing-library/dom ansi-styles@4.3.0 OK for: chalk@4.1.2 want: ^4.1.0
191 silly fetch manifest color-convert@^2.0.1
192 silly placeDep node_modules/@testing-library/dom supports-color@7.2.0 OK for: chalk@4.1.2 want: ^7.1.0
193 silly fetch manifest has-flag@^4.0.0
194 http fetch GET 200 https://registry.npmjs.org/has-flag 462ms (cache revalidated)
195 http fetch GET 200 https://registry.npmjs.org/color-convert 479ms (cache revalidated)
196 timing idealTree:node_modules/@testing-library/dom/node_modules/chalk Completed in 498ms
197 silly placeDep node_modules/@testing-library/dom color-convert@2.0.1 OK for: ansi-styles@4.3.0 want: ^2.0.1
198 silly fetch manifest color-name@~1.1.4
199 http fetch GET 200 https://registry.npmjs.org/color-name 180ms (cache revalidated)
200 timing idealTree:node_modules/@testing-library/dom/node_modules/ansi-styles Completed in 198ms
201 silly placeDep node_modules/@testing-library/dom color-name@1.1.4 OK for: color-convert@2.0.1 want: ~1.1.4
202 timing idealTree:node_modules/@testing-library/dom/node_modules/color-convert Completed in 12ms
203 timing idealTree:node_modules/@testing-library/dom/node_modules/color-name Completed in 0ms
204 silly placeDep node_modules/@testing-library/dom has-flag@4.0.0 OK for: supports-color@7.2.0 want: ^4.0.0
205 timing idealTree:node_modules/@testing-library/dom/node_modules/supports-color Completed in 14ms
206 timing idealTree:node_modules/@testing-library/dom/node_modules/has-flag Completed in 0ms
207 silly placeDep node_modules/@testing-library/jest-dom ansi-styles@4.3.0 OK for: chalk@3.0.0 want: ^4.1.0
208 silly placeDep node_modules/@testing-library/jest-dom supports-color@7.2.0 OK for: chalk@3.0.0 want: ^7.1.0
209 timing idealTree:node_modules/@testing-library/jest-dom/node_modules/chalk Completed in 26ms
210 silly placeDep node_modules/@testing-library/jest-dom color-convert@2.0.1 OK for: ansi-styles@4.3.0 want: ^2.0.1
211 timing idealTree:node_modules/@testing-library/jest-dom/node_modules/ansi-styles Completed in 20ms
212 silly placeDep node_modules/@testing-library/jest-dom color-name@1.1.4 OK for: color-convert@2.0.1 want: ~1.1.4
213 timing idealTree:node_modules/@testing-library/jest-dom/node_modules/color-convert Completed in 15ms
214 timing idealTree:node_modules/@testing-library/jest-dom/node_modules/color-name Completed in 0ms
215 silly placeDep node_modules/@testing-library/jest-dom has-flag@4.0.0 OK for: supports-color@7.2.0 want: ^4.0.0
216 timing idealTree:node_modules/@testing-library/jest-dom/node_modules/supports-color Completed in 11ms
217 timing idealTree:node_modules/@testing-library/jest-dom/node_modules/has-flag Completed in 1ms
218 silly placeDep node_modules/@testing-library/react aria-query@5.1.3 OK for: @testing-library/dom@8.20.1 want: 5.1.3
219 silly placeDep node_modules/@testing-library/react chalk@4.1.2 OK for: @testing-library/dom@8.20.1 want: ^4.1.0
220 timing idealTree:node_modules/@testing-library/react/node_modules/@testing-library/dom Completed in 26ms
221 timing idealTree:node_modules/@testing-library/react/node_modules/aria-query Completed in 0ms
222 silly placeDep node_modules/@testing-library/react ansi-styles@4.3.0 OK for: chalk@4.1.2 want: ^4.1.0
223 silly placeDep node_modules/@testing-library/react supports-color@7.2.0 OK for: chalk@4.1.2 want: ^7.1.0
224 timing idealTree:node_modules/@testing-library/react/node_modules/chalk Completed in 22ms
225 silly placeDep node_modules/@testing-library/react color-convert@2.0.1 OK for: ansi-styles@4.3.0 want: ^2.0.1
226 timing idealTree:node_modules/@testing-library/react/node_modules/ansi-styles Completed in 13ms
227 silly placeDep node_modules/@testing-library/react color-name@1.1.4 OK for: color-convert@2.0.1 want: ~1.1.4
228 timing idealTree:node_modules/@testing-library/react/node_modules/color-convert Completed in 9ms
229 timing idealTree:node_modules/@testing-library/react/node_modules/color-name Completed in 0ms
230 silly placeDep node_modules/@testing-library/react has-flag@4.0.0 OK for: supports-color@7.2.0 want: ^4.0.0
231 timing idealTree:node_modules/@testing-library/react/node_modules/supports-color Completed in 6ms
232 timing idealTree:node_modules/@testing-library/react/node_modules/has-flag Completed in 0ms
233 silly placeDep ROOT @jest/expect-utils@29.7.0 OK for: expect@29.7.0 want: ^29.7.0
234 silly placeDep node_modules/@types/jest jest-get-type@29.6.3 OK for: expect@29.7.0 want: ^29.6.3
235 silly placeDep node_modules/@types/jest jest-matcher-utils@29.7.0 OK for: expect@29.7.0 want: ^29.7.0
236 silly fetch manifest chalk@^4.0.0
237 silly fetch manifest jest-diff@^29.7.0
238 silly placeDep node_modules/@types/jest jest-message-util@29.7.0 OK for: expect@29.7.0 want: ^29.7.0
239 silly fetch manifest @jest/types@^29.6.3
240 silly placeDep node_modules/@types/jest jest-util@29.7.0 OK for: expect@29.7.0 want: ^29.7.0
241 http fetch GET 200 https://registry.npmjs.org/@jest%2ftypes 219ms (cache revalidated)
242 http fetch GET 200 https://registry.npmjs.org/jest-diff 271ms (cache revalidated)
243 timing idealTree:node_modules/@types/jest/node_modules/expect Completed in 307ms
244 silly placeDep node_modules/@jest/expect-utils jest-get-type@29.6.3 OK for: @jest/expect-utils@29.7.0 want: ^29.6.3
245 timing idealTree:node_modules/@jest/expect-utils Completed in 12ms
246 timing idealTree:node_modules/@jest/expect-utils/node_modules/jest-get-type Completed in 0ms
247 timing idealTree:node_modules/@types/jest/node_modules/jest-get-type Completed in 0ms
248 silly placeDep node_modules/@types/jest chalk@4.1.2 OK for: jest-matcher-utils@29.7.0 want: ^4.0.0
249 silly placeDep node_modules/@types/jest jest-diff@29.7.0 OK for: jest-matcher-utils@29.7.0 want: ^29.7.0
250 silly fetch manifest diff-sequences@^29.6.3
251 http fetch GET 200 https://registry.npmjs.org/diff-sequences 36ms (cache hit)
252 timing idealTree:node_modules/@types/jest/node_modules/jest-matcher-utils Completed in 102ms
253 silly placeDep node_modules/@types/jest ansi-styles@4.3.0 OK for: chalk@4.1.2 want: ^4.1.0
254 silly placeDep node_modules/@types/jest supports-color@7.2.0 OK for: chalk@4.1.2 want: ^7.1.0
255 timing idealTree:node_modules/@types/jest/node_modules/chalk Completed in 33ms
256 silly placeDep node_modules/@types/jest color-convert@2.0.1 OK for: ansi-styles@4.3.0 want: ^2.0.1
257 timing idealTree:node_modules/@types/jest/node_modules/ansi-styles Completed in 13ms
258 silly placeDep node_modules/@types/jest color-name@1.1.4 OK for: color-convert@2.0.1 want: ~1.1.4
259 timing idealTree:node_modules/@types/jest/node_modules/color-convert Completed in 7ms
260 timing idealTree:node_modules/@types/jest/node_modules/color-name Completed in 0ms
261 silly placeDep node_modules/@types/jest diff-sequences@29.6.3 OK for: jest-diff@29.7.0 want: ^29.6.3
262 timing idealTree:node_modules/@types/jest/node_modules/jest-diff Completed in 9ms
263 timing idealTree:node_modules/@types/jest/node_modules/diff-sequences Completed in 0ms
264 silly placeDep node_modules/@types/jest @jest/types@29.6.3 OK for: jest-message-util@29.7.0 want: ^29.6.3
265 silly fetch manifest @types/yargs@^17.0.8
266 http fetch GET 200 https://registry.npmjs.org/@types%2fyargs 536ms (cache revalidated)
267 timing idealTree:node_modules/@types/jest/node_modules/jest-message-util Completed in 564ms
268 silly placeDep node_modules/@types/jest @jest/schemas@29.6.3 OK for: @jest/types@29.6.3 want: ^29.6.3
269 silly fetch manifest @sinclair/typebox@^0.27.8
270 silly placeDep node_modules/@types/jest @types/yargs@17.0.32 OK for: @jest/types@29.6.3 want: ^17.0.8
271 http fetch GET 200 https://registry.npmjs.org/@sinclair%2ftypebox 31ms (cache hit)
272 timing idealTree:node_modules/@types/jest/node_modules/@jest/types Completed in 97ms
273 silly placeDep node_modules/@types/jest @sinclair/typebox@0.27.8 OK for: @jest/schemas@29.6.3 want: ^0.27.8
274 timing idealTree:node_modules/@types/jest/node_modules/@jest/schemas Completed in 9ms
275 timing idealTree:node_modules/@types/jest/node_modules/@sinclair/typebox Completed in 0ms
276 timing idealTree:node_modules/@types/jest/node_modules/@types/yargs Completed in 0ms
277 timing idealTree:node_modules/@types/jest/node_modules/jest-util Completed in 1ms
278 silly placeDep node_modules/@types/jest/node_modules/pretty-format ansi-styles@5.2.0 OK for: pretty-format@29.7.0 want: ^5.0.0
279 silly placeDep node_modules/@types/jest react-is@18.2.0 OK for: pretty-format@29.7.0 want: ^18.0.0
280 timing idealTree:node_modules/@types/jest/node_modules/pretty-format Completed in 12ms
281 timing idealTree:node_modules/@types/jest/node_modules/react-is Completed in 0ms
282 silly placeDep node_modules/@types/jest has-flag@4.0.0 OK for: supports-color@7.2.0 want: ^4.0.0
283 timing idealTree:node_modules/@types/jest/node_modules/supports-color Completed in 10ms
284 timing idealTree:node_modules/@types/jest/node_modules/has-flag Completed in 0ms
285 timing idealTree:node_modules/@types/jest/node_modules/pretty-format/node_modules/ansi-styles Completed in 0ms
286 timing idealTree:buildDeps Completed in 22320ms
287 timing idealTree:fixDepFlags Completed in 113ms
288 timing idealTree Completed in 26230ms
289 timing reify:loadTrees Completed in 26233ms
290 timing reify:diffTrees Completed in 126ms
291 silly reify mark retired [
291 silly reify   'D:\\backend\\PROJECTS\\Feed-Craft FrontEnd\\feed-craft-app\\node_modules\\typescript',
291 silly reify   'D:\\backend\\PROJECTS\\Feed-Craft FrontEnd\\feed-craft-app\\node_modules\\.bin\\tsc',
291 silly reify   'D:\\backend\\PROJECTS\\Feed-Craft FrontEnd\\feed-craft-app\\node_modules\\.bin\\tsc.cmd',
291 silly reify   'D:\\backend\\PROJECTS\\Feed-Craft FrontEnd\\feed-craft-app\\node_modules\\.bin\\tsc.ps1',
291 silly reify   'D:\\backend\\PROJECTS\\Feed-Craft FrontEnd\\feed-craft-app\\node_modules\\.bin\\tsserver',
291 silly reify   'D:\\backend\\PROJECTS\\Feed-Craft FrontEnd\\feed-craft-app\\node_modules\\.bin\\tsserver.cmd',
291 silly reify   'D:\\backend\\PROJECTS\\Feed-Craft FrontEnd\\feed-craft-app\\node_modules\\.bin\\tsserver.ps1'
291 silly reify ]
292 silly reify moves {
292 silly reify   'D:\\backend\\PROJECTS\\Feed-Craft FrontEnd\\feed-craft-app\\node_modules\\typescript': 'D:\\backend\\PROJECTS\\Feed-Craft FrontEnd\\feed-craft-app\\node_modules\\.typescript-OR4ju8GU',
292 silly reify   'D:\\backend\\PROJECTS\\Feed-Craft FrontEnd\\feed-craft-app\\node_modules\\.bin\\tsc': 'D:\\backend\\PROJECTS\\Feed-Craft FrontEnd\\feed-craft-app\\node_modules\\.bin\\.tsc-WGOo2JK2',
292 silly reify   'D:\\backend\\PROJECTS\\Feed-Craft FrontEnd\\feed-craft-app\\node_modules\\.bin\\tsc.cmd': 'D:\\backend\\PROJECTS\\Feed-Craft FrontEnd\\feed-craft-app\\node_modules\\.bin\\.tsc.cmd-OWWVCKWk',
292 silly reify   'D:\\backend\\PROJECTS\\Feed-Craft FrontEnd\\feed-craft-app\\node_modules\\.bin\\tsc.ps1': 'D:\\backend\\PROJECTS\\Feed-Craft FrontEnd\\feed-craft-app\\node_modules\\.bin\\.tsc.ps1-E2xeOwGm',
292 silly reify   'D:\\backend\\PROJECTS\\Feed-Craft FrontEnd\\feed-craft-app\\node_modules\\.bin\\tsserver': 'D:\\backend\\PROJECTS\\Feed-Craft FrontEnd\\feed-craft-app\\node_modules\\.bin\\.tsserver-8riyWK5s',
292 silly reify   'D:\\backend\\PROJECTS\\Feed-Craft FrontEnd\\feed-craft-app\\node_modules\\.bin\\tsserver.cmd': 'D:\\backend\\PROJECTS\\Feed-Craft FrontEnd\\feed-craft-app\\node_modules\\.bin\\.tsserver.cmd-w415k4nd',
292 silly reify   'D:\\backend\\PROJECTS\\Feed-Craft FrontEnd\\feed-craft-app\\node_modules\\.bin\\tsserver.ps1': 'D:\\backend\\PROJECTS\\Feed-Craft FrontEnd\\feed-craft-app\\node_modules\\.bin\\.tsserver.ps1-TwwnmCGT'
292 silly reify }
293 timing reify:retireShallow Completed in 22ms
294 timing reify:createSparse Completed in 32ms
295 timing reify:loadBundles Completed in 0ms
296 verbose reify failed optional dependency D:\backend\PROJECTS\Feed-Craft FrontEnd\feed-craft-app\node_modules\fsevents
297 silly reify mark deleted [
297 silly reify   'D:\\backend\\PROJECTS\\Feed-Craft FrontEnd\\feed-craft-app\\node_modules\\fsevents'
297 silly reify ]
298 timing reifyNode:node_modules/fsevents Completed in 25ms
299 silly tarball no local data for @jest/expect-utils@https://registry.npmjs.org/@jest/expect-utils/-/expect-utils-29.7.0.tgz. Extracting by manifest.
300 silly tarball no local data for stop-iteration-iterator@https://registry.npmjs.org/stop-iteration-iterator/-/stop-iteration-iterator-1.0.0.tgz. Extracting by manifest.
301 silly tarball no local data for object-is@https://registry.npmjs.org/object-is/-/object-is-1.1.5.tgz. Extracting by manifest.
302 silly tarball no local data for is-arguments@https://registry.npmjs.org/is-arguments/-/is-arguments-1.1.1.tgz. Extracting by manifest.
303 silly tarball no local data for es-get-iterator@https://registry.npmjs.org/es-get-iterator/-/es-get-iterator-1.1.3.tgz. Extracting by manifest.
304 silly tarball no local data for deep-equal@https://registry.npmjs.org/deep-equal/-/deep-equal-2.2.3.tgz. Extracting by manifest.
305 silly tarball no local data for min-indent@https://registry.npmjs.org/min-indent/-/min-indent-1.0.1.tgz. Extracting by manifest.
306 silly tarball no local data for strip-indent@https://registry.npmjs.org/strip-indent/-/strip-indent-3.0.0.tgz. Extracting by manifest.
307 silly tarball no local data for indent-string@https://registry.npmjs.org/indent-string/-/indent-string-4.0.0.tgz. Extracting by manifest.
308 silly tarball no local data for @types/prop-types@https://registry.npmjs.org/@types/prop-types/-/prop-types-15.7.11.tgz. Extracting by manifest.
309 silly tarball no local data for @types/jest@https://registry.npmjs.org/@types/jest/-/jest-29.5.11.tgz. Extracting by manifest.
310 silly tarball no local data for @types/react@https://registry.npmjs.org/@types/react/-/react-18.2.45.tgz. Extracting by manifest.
311 silly tarball no local data for @types/scheduler@https://registry.npmjs.org/@types/scheduler/-/scheduler-0.16.8.tgz. Extracting by manifest.
312 silly tarball no local data for csstype@https://registry.npmjs.org/csstype/-/csstype-3.1.3.tgz. Extracting by manifest.
313 silly tarball no local data for @types/react-dom@https://registry.npmjs.org/@types/react-dom/-/react-dom-18.2.18.tgz. Extracting by manifest.
314 silly tarball no local data for redent@https://registry.npmjs.org/redent/-/redent-3.0.0.tgz. Extracting by manifest.
315 silly tarball no local data for css.escape@https://registry.npmjs.org/css.escape/-/css.escape-1.5.1.tgz. Extracting by manifest.
316 silly tarball no local data for @types/testing-library__jest-dom@https://registry.npmjs.org/@types/testing-library__jest-dom/-/testing-library__jest-dom-5.14.9.tgz. Extracting by manifest.
317 silly tarball no local data for @adobe/css-tools@https://registry.npmjs.org/@adobe/css-tools/-/css-tools-4.3.2.tgz. Extracting by manifest.
318 silly tarball no local data for lz-string@https://registry.npmjs.org/lz-string/-/lz-string-1.5.0.tgz. Extracting by manifest.
319 silly tarball no local data for dom-accessibility-api@https://registry.npmjs.org/dom-accessibility-api/-/dom-accessibility-api-0.5.16.tgz. Extracting by manifest.
320 silly tarball no local data for @types/aria-query@https://registry.npmjs.org/@types/aria-query/-/aria-query-5.0.4.tgz. Extracting by manifest.
321 silly tarball no local data for @testing-library/dom@https://registry.npmjs.org/@testing-library/dom/-/dom-9.3.3.tgz. Extracting by manifest.
322 silly tarball no local data for web-vitals@https://registry.npmjs.org/web-vitals/-/web-vitals-2.1.4.tgz. Extracting by manifest.
323 silly tarball no local data for @testing-library/user-event@https://registry.npmjs.org/@testing-library/user-event/-/user-event-13.5.0.tgz. Extracting by manifest.
324 silly tarball no local data for @testing-library/react@https://registry.npmjs.org/@testing-library/react/-/react-13.4.0.tgz. Extracting by manifest.
325 silly tarball no local data for @testing-library/jest-dom@https://registry.npmjs.org/@testing-library/jest-dom/-/jest-dom-5.17.0.tgz. Extracting by manifest.
326 silly tarball no local data for typescript@https://registry.npmjs.org/typescript/-/typescript-4.9.5.tgz. Extracting by manifest.
327 silly tarball no local data for jest-get-type@https://registry.npmjs.org/jest-get-type/-/jest-get-type-29.6.3.tgz. Extracting by manifest.
328 silly tarball no local data for @sinclair/typebox@https://registry.npmjs.org/@sinclair/typebox/-/typebox-0.27.8.tgz. Extracting by manifest.
329 silly tarball no local data for @jest/schemas@https://registry.npmjs.org/@jest/schemas/-/schemas-29.6.3.tgz. Extracting by manifest.
330 silly tarball no local data for @jest/types@https://registry.npmjs.org/@jest/types/-/types-29.6.3.tgz. Extracting by manifest.
331 silly tarball no local data for diff-sequences@https://registry.npmjs.org/diff-sequences/-/diff-sequences-29.6.3.tgz. Extracting by manifest.
332 silly tarball no local data for jest-diff@https://registry.npmjs.org/jest-diff/-/jest-diff-29.7.0.tgz. Extracting by manifest.
333 silly tarball no local data for jest-util@https://registry.npmjs.org/jest-util/-/jest-util-29.7.0.tgz. Extracting by manifest.
334 silly tarball no local data for jest-message-util@https://registry.npmjs.org/jest-message-util/-/jest-message-util-29.7.0.tgz. Extracting by manifest.
335 silly tarball no local data for jest-matcher-utils@https://registry.npmjs.org/jest-matcher-utils/-/jest-matcher-utils-29.7.0.tgz. Extracting by manifest.
336 silly tarball no local data for jest-get-type@https://registry.npmjs.org/jest-get-type/-/jest-get-type-29.6.3.tgz. Extracting by manifest.
337 silly tarball no local data for pretty-format@https://registry.npmjs.org/pretty-format/-/pretty-format-29.7.0.tgz. Extracting by manifest.
338 silly tarball no local data for expect@https://registry.npmjs.org/expect/-/expect-29.7.0.tgz. Extracting by manifest.
339 silly tarball no local data for aria-query@https://registry.npmjs.org/aria-query/-/aria-query-5.1.3.tgz. Extracting by manifest.
340 silly tarball no local data for aria-query@https://registry.npmjs.org/aria-query/-/aria-query-5.1.3.tgz. Extracting by manifest.
341 silly tarball no local data for @testing-library/dom@https://registry.npmjs.org/@testing-library/dom/-/dom-8.20.1.tgz. Extracting by manifest.
342 silly tarball no local data for chalk@https://registry.npmjs.org/chalk/-/chalk-3.0.0.tgz. Extracting by manifest.
343 http fetch GET 200 https://registry.npmjs.org/min-indent/-/min-indent-1.0.1.tgz 636ms (cache miss)
344 timing reifyNode:node_modules/@types/jest/node_modules/color-name Completed in 826ms
345 timing reifyNode:node_modules/@testing-library/dom/node_modules/color-name Completed in 825ms
346 timing reifyNode:node_modules/@testing-library/react/node_modules/color-name Completed in 824ms
347 timing reifyNode:node_modules/@testing-library/jest-dom/node_modules/color-name Completed in 824ms
348 timing reifyNode:node_modules/min-indent Completed in 832ms
349 http fetch GET 200 https://registry.npmjs.org/indent-string/-/indent-string-4.0.0.tgz 774ms (cache miss)
350 http fetch GET 200 https://registry.npmjs.org/strip-indent/-/strip-indent-3.0.0.tgz 786ms (cache miss)
351 timing reifyNode:node_modules/@types/jest/node_modules/has-flag Completed in 914ms
352 timing reifyNode:node_modules/@types/jest/node_modules/supports-color Completed in 913ms
353 timing reifyNode:node_modules/@testing-library/dom/node_modules/has-flag Completed in 912ms
354 timing reifyNode:node_modules/@testing-library/dom/node_modules/supports-color Completed in 912ms
355 timing reifyNode:node_modules/@testing-library/react/node_modules/has-flag Completed in 912ms
356 timing reifyNode:node_modules/@testing-library/react/node_modules/supports-color Completed in 912ms
357 timing reifyNode:node_modules/@testing-library/jest-dom/node_modules/has-flag Completed in 912ms
358 timing reifyNode:node_modules/@testing-library/jest-dom/node_modules/supports-color Completed in 914ms
359 timing reifyNode:node_modules/indent-string Completed in 921ms
360 timing reifyNode:node_modules/@types/jest/node_modules/pretty-format/node_modules/ansi-styles Completed in 928ms
361 timing reifyNode:node_modules/@testing-library/react/node_modules/ansi-styles Completed in 926ms
362 timing reifyNode:node_modules/@types/jest/node_modules/ansi-styles Completed in 929ms
363 timing reifyNode:node_modules/@testing-library/dom/node_modules/ansi-styles Completed in 927ms
364 timing reifyNode:node_modules/@testing-library/jest-dom/node_modules/ansi-styles Completed in 926ms
365 timing reifyNode:node_modules/strip-indent Completed in 933ms
366 timing reifyNode:node_modules/@testing-library/react/node_modules/color-convert Completed in 1075ms
367 timing reifyNode:node_modules/@testing-library/dom/node_modules/color-convert Completed in 1076ms
368 timing reifyNode:node_modules/@types/jest/node_modules/color-convert Completed in 1080ms
369 timing reifyNode:node_modules/@testing-library/jest-dom/node_modules/color-convert Completed in 1077ms
370 timing reifyNode:node_modules/@testing-library/dom/node_modules/chalk Completed in 1123ms
371 timing reifyNode:node_modules/@testing-library/react/node_modules/chalk Completed in 1123ms
372 timing reifyNode:node_modules/@types/jest/node_modules/chalk Completed in 1126ms
373 timing reifyNode:node_modules/@types/jest/node_modules/@types/yargs Completed in 1160ms
374 timing reifyNode:node_modules/@types/jest/node_modules/react-is Completed in 1169ms
375 http fetch GET 200 https://registry.npmjs.org/@types/jest/-/jest-29.5.11.tgz 1046ms (cache miss)
376 timing reifyNode:node_modules/@types/jest Completed in 1175ms
377 http fetch GET 200 https://registry.npmjs.org/stop-iteration-iterator/-/stop-iteration-iterator-1.0.0.tgz 1084ms (cache miss)
378 http fetch GET 200 https://registry.npmjs.org/jest-get-type/-/jest-get-type-29.6.3.tgz 1029ms (cache miss)
379 http fetch GET 200 https://registry.npmjs.org/redent/-/redent-3.0.0.tgz 1066ms (cache miss)
380 timing reifyNode:node_modules/stop-iteration-iterator Completed in 1209ms
381 timing reifyNode:node_modules/@jest/expect-utils/node_modules/jest-get-type Completed in 1211ms
382 timing reifyNode:node_modules/redent Completed in 1216ms
383 http fetch GET 200 https://registry.npmjs.org/jest-message-util/-/jest-message-util-29.7.0.tgz 1055ms (cache miss)
384 timing reifyNode:node_modules/@types/jest/node_modules/jest-message-util Completed in 1271ms
385 http fetch GET 200 https://registry.npmjs.org/is-arguments/-/is-arguments-1.1.1.tgz 1176ms (cache miss)
386 timing reifyNode:node_modules/is-arguments Completed in 1289ms
387 http fetch GET 200 https://registry.npmjs.org/deep-equal/-/deep-equal-2.2.3.tgz 1198ms (cache miss)
388 timing reifyNode:node_modules/deep-equal Completed in 1328ms
389 http fetch GET 200 https://registry.npmjs.org/es-get-iterator/-/es-get-iterator-1.1.3.tgz 1250ms (cache miss)
390 http fetch GET 200 https://registry.npmjs.org/css.escape/-/css.escape-1.5.1.tgz 1225ms (cache miss)
391 timing reifyNode:node_modules/css.escape Completed in 1377ms
392 timing reifyNode:node_modules/es-get-iterator Completed in 1409ms
393 http fetch GET 200 https://registry.npmjs.org/object-is/-/object-is-1.1.5.tgz 1415ms (cache miss)
394 timing reifyNode:node_modules/object-is Completed in 1526ms
395 http fetch GET 200 https://registry.npmjs.org/jest-get-type/-/jest-get-type-29.6.3.tgz 1349ms (cache miss)
396 timing reifyNode:node_modules/@types/jest/node_modules/jest-get-type Completed in 1556ms
397 http fetch GET 200 https://registry.npmjs.org/@jest/schemas/-/schemas-29.6.3.tgz 1386ms (cache miss)
398 http fetch GET 200 https://registry.npmjs.org/@jest/expect-utils/-/expect-utils-29.7.0.tgz 1466ms (cache miss)
399 http fetch GET 200 https://registry.npmjs.org/@types/prop-types/-/prop-types-15.7.11.tgz 1479ms (cache miss)
400 timing reifyNode:node_modules/@types/prop-types Completed in 1602ms
401 timing reifyNode:node_modules/@types/jest/node_modules/@jest/schemas Completed in 1607ms
402 http fetch GET 200 https://registry.npmjs.org/@types/react/-/react-18.2.45.tgz 1553ms (cache miss)
403 timing reifyNode:node_modules/@types/react Completed in 1699ms
404 http fetch GET 200 https://registry.npmjs.org/jest-matcher-utils/-/jest-matcher-utils-29.7.0.tgz 1514ms (cache miss)
405 timing reifyNode:node_modules/@types/jest/node_modules/jest-matcher-utils Completed in 1725ms
406 http fetch GET 200 https://registry.npmjs.org/jest-diff/-/jest-diff-29.7.0.tgz 1565ms (cache miss)
407 timing reifyNode:node_modules/@types/jest/node_modules/jest-diff Completed in 1751ms
408 timing reifyNode:node_modules/@jest/expect-utils Completed in 1768ms
409 http fetch GET 200 https://registry.npmjs.org/chalk/-/chalk-3.0.0.tgz 1569ms (cache miss)
410 timing reifyNode:node_modules/@testing-library/jest-dom/node_modules/chalk Completed in 1776ms
411 http fetch GET 200 https://registry.npmjs.org/@adobe/css-tools/-/css-tools-4.3.2.tgz 1653ms (cache miss)
412 timing reifyNode:node_modules/@adobe/css-tools Completed in 1794ms
413 http fetch GET 200 https://registry.npmjs.org/diff-sequences/-/diff-sequences-29.6.3.tgz 1631ms (cache miss)
414 timing reifyNode:node_modules/@types/jest/node_modules/diff-sequences Completed in 1814ms
415 http fetch GET 200 https://registry.npmjs.org/lz-string/-/lz-string-1.5.0.tgz 1674ms (cache miss)
416 timing reifyNode:node_modules/lz-string Completed in 1836ms
417 http fetch GET 200 https://registry.npmjs.org/pretty-format/-/pretty-format-29.7.0.tgz 1820ms (cache miss)
418 timing reifyNode:node_modules/@types/jest/node_modules/pretty-format Completed in 2017ms
419 http fetch GET 200 https://registry.npmjs.org/jest-util/-/jest-util-29.7.0.tgz 1836ms (cache miss)
420 timing reifyNode:node_modules/@types/jest/node_modules/jest-util Completed in 2024ms
421 http fetch GET 200 https://registry.npmjs.org/@types/react-dom/-/react-dom-18.2.18.tgz 1891ms (cache miss)
422 timing reifyNode:node_modules/@types/react-dom Completed in 2025ms
423 http fetch GET 200 https://registry.npmjs.org/expect/-/expect-29.7.0.tgz 1828ms (cache miss)
424 timing reifyNode:node_modules/@types/jest/node_modules/expect Completed in 2027ms
425 http fetch GET 200 https://registry.npmjs.org/@types/aria-query/-/aria-query-5.0.4.tgz 1984ms (cache miss)
426 timing reifyNode:node_modules/@types/aria-query Completed in 2138ms
427 http fetch GET 200 https://registry.npmjs.org/@types/scheduler/-/scheduler-0.16.8.tgz 2030ms (cache miss)
428 timing reifyNode:node_modules/@types/scheduler Completed in 2160ms
429 http fetch GET 200 https://registry.npmjs.org/@types/testing-library__jest-dom/-/testing-library__jest-dom-5.14.9.tgz 2085ms (cache miss)
430 timing reifyNode:node_modules/@types/testing-library__jest-dom Completed in 2225ms
431 http fetch GET 200 https://registry.npmjs.org/csstype/-/csstype-3.1.3.tgz 2256ms (cache miss)
432 timing reifyNode:node_modules/csstype Completed in 2389ms
433 http fetch GET 200 https://registry.npmjs.org/@jest/types/-/types-29.6.3.tgz 2279ms (cache miss)
434 timing reifyNode:node_modules/@types/jest/node_modules/@jest/types Completed in 2458ms
435 http fetch GET 200 https://registry.npmjs.org/dom-accessibility-api/-/dom-accessibility-api-0.5.16.tgz 2773ms (cache miss)
436 timing reifyNode:node_modules/dom-accessibility-api Completed in 2920ms
437 http fetch GET 200 https://registry.npmjs.org/@sinclair/typebox/-/typebox-0.27.8.tgz 2821ms (cache miss)
438 timing reifyNode:node_modules/@types/jest/node_modules/@sinclair/typebox Completed in 2995ms
439 http fetch GET 200 https://registry.npmjs.org/@testing-library/user-event/-/user-event-13.5.0.tgz 3035ms (cache miss)
440 timing reifyNode:node_modules/@testing-library/user-event Completed in 3187ms
441 http fetch GET 200 https://registry.npmjs.org/aria-query/-/aria-query-5.1.3.tgz 3000ms (cache miss)
442 timing reifyNode:node_modules/@testing-library/dom/node_modules/aria-query Completed in 3201ms
443 http fetch GET 200 https://registry.npmjs.org/aria-query/-/aria-query-5.1.3.tgz 3003ms (cache miss)
444 timing reifyNode:node_modules/@testing-library/react/node_modules/aria-query Completed in 3206ms
445 http fetch GET 200 https://registry.npmjs.org/web-vitals/-/web-vitals-2.1.4.tgz 4581ms (cache miss)
446 timing reifyNode:node_modules/web-vitals Completed in 4731ms
447 http fetch GET 200 https://registry.npmjs.org/@testing-library/jest-dom/-/jest-dom-5.17.0.tgz 4583ms (cache miss)
448 timing reifyNode:node_modules/@testing-library/jest-dom Completed in 4738ms
449 http fetch GET 200 https://registry.npmjs.org/@testing-library/react/-/react-13.4.0.tgz 6761ms (cache miss)
450 timing reifyNode:node_modules/@testing-library/react Completed in 6933ms
451 http fetch GET 200 https://registry.npmjs.org/@testing-library/dom/-/dom-9.3.3.tgz 11971ms (cache miss)
452 timing reifyNode:node_modules/@testing-library/dom Completed in 12119ms
453 http fetch GET 200 https://registry.npmjs.org/@testing-library/dom/-/dom-8.20.1.tgz 14085ms (cache miss)
454 timing reifyNode:node_modules/@testing-library/react/node_modules/@testing-library/dom Completed in 14290ms
455 http fetch GET 200 https://registry.npmjs.org/typescript/-/typescript-4.9.5.tgz 19783ms (cache miss)
456 timing reifyNode:node_modules/typescript Completed in 19940ms
457 timing reify:unpack Completed in 19948ms
458 timing reify:unretire Completed in 1ms
459 timing build:queue Completed in 12ms
460 timing build:link:node_modules/lz-string Completed in 27ms
461 timing build:link:node_modules/typescript Completed in 26ms
462 timing build:link Completed in 29ms
463 timing build:deps Completed in 42ms
464 timing build Completed in 42ms
465 timing reify:build Completed in 44ms
466 timing reify:trash Completed in 56ms
467 timing reify:save Completed in 3924ms
468 timing reify Completed in 52944ms
469 silly ADD node_modules/@jest/expect-utils
470 silly ADD node_modules/@jest/expect-utils/node_modules/jest-get-type
471 silly ADD node_modules/stop-iteration-iterator
472 silly ADD node_modules/object-is
473 silly ADD node_modules/is-arguments
474 silly ADD node_modules/es-get-iterator
475 silly ADD node_modules/deep-equal
476 silly ADD node_modules/min-indent
477 silly ADD node_modules/strip-indent
478 silly ADD node_modules/indent-string
479 silly ADD node_modules/@types/jest
480 silly ADD node_modules/@types/jest/node_modules/has-flag
481 silly ADD node_modules/@types/jest/node_modules/react-is
482 silly ADD node_modules/@types/jest/node_modules/@sinclair/typebox
483 silly ADD node_modules/@types/jest/node_modules/@types/yargs
484 silly ADD node_modules/@types/jest/node_modules/@jest/schemas
485 silly ADD node_modules/@types/jest/node_modules/@jest/types
486 silly ADD node_modules/@types/jest/node_modules/diff-sequences
487 silly ADD node_modules/@types/jest/node_modules/color-name
488 silly ADD node_modules/@types/jest/node_modules/color-convert
489 silly ADD node_modules/@types/jest/node_modules/supports-color
490 silly ADD node_modules/@types/jest/node_modules/ansi-styles
491 silly ADD node_modules/@types/jest/node_modules/jest-diff
492 silly ADD node_modules/@types/jest/node_modules/chalk
493 silly ADD node_modules/@types/jest/node_modules/jest-util
494 silly ADD node_modules/@types/jest/node_modules/jest-message-util
495 silly ADD node_modules/@types/jest/node_modules/jest-matcher-utils
496 silly ADD node_modules/@types/jest/node_modules/jest-get-type
497 silly ADD node_modules/@types/jest/node_modules/pretty-format
498 silly ADD node_modules/@types/jest/node_modules/pretty-format/node_modules/ansi-styles
499 silly ADD node_modules/@types/jest/node_modules/expect
500 silly ADD node_modules/csstype
501 silly ADD node_modules/@types/scheduler
502 silly ADD node_modules/@types/prop-types
503 silly ADD node_modules/@types/react
504 silly ADD node_modules/@types/react-dom
505 silly ADD node_modules/redent
506 silly ADD node_modules/css.escape
507 silly ADD node_modules/@types/testing-library__jest-dom
508 silly ADD node_modules/@adobe/css-tools
509 silly ADD node_modules/lz-string
510 silly ADD node_modules/dom-accessibility-api
511 silly ADD node_modules/@types/aria-query
512 silly ADD node_modules/web-vitals
513 silly ADD node_modules/@testing-library/dom
514 silly ADD node_modules/@testing-library/dom/node_modules/has-flag
515 silly ADD node_modules/@testing-library/dom/node_modules/color-name
516 silly ADD node_modules/@testing-library/dom/node_modules/color-convert
517 silly ADD node_modules/@testing-library/dom/node_modules/supports-color
518 silly ADD node_modules/@testing-library/dom/node_modules/ansi-styles
519 silly ADD node_modules/@testing-library/dom/node_modules/chalk
520 silly ADD node_modules/@testing-library/dom/node_modules/aria-query
521 silly ADD node_modules/@testing-library/user-event
522 silly ADD node_modules/@testing-library/react
523 silly ADD node_modules/@testing-library/react/node_modules/has-flag
524 silly ADD node_modules/@testing-library/react/node_modules/color-name
525 silly ADD node_modules/@testing-library/react/node_modules/color-convert
526 silly ADD node_modules/@testing-library/react/node_modules/supports-color
527 silly ADD node_modules/@testing-library/react/node_modules/ansi-styles
528 silly ADD node_modules/@testing-library/react/node_modules/chalk
529 silly ADD node_modules/@testing-library/react/node_modules/aria-query
530 silly ADD node_modules/@testing-library/react/node_modules/@testing-library/dom
531 silly ADD node_modules/@testing-library/jest-dom
532 silly ADD node_modules/@testing-library/jest-dom/node_modules/has-flag
533 silly ADD node_modules/@testing-library/jest-dom/node_modules/color-name
534 silly ADD node_modules/@testing-library/jest-dom/node_modules/color-convert
535 silly ADD node_modules/@testing-library/jest-dom/node_modules/supports-color
536 silly ADD node_modules/@testing-library/jest-dom/node_modules/ansi-styles
537 silly ADD node_modules/@testing-library/jest-dom/node_modules/chalk
538 silly ADD
539 silly CHANGE node_modules/typescript
540 timing command:install Completed in 52996ms
541 verbose exit 0
542 timing npm Completed in 54251ms
543 info ok
